Arguments: 
  C:\Program Files\nodejs\node.exe C:\Users\acer\AppData\Roaming\npm\node_modules\yarn\bin\yarn.js init

PATH: 
  C:\Users\acer\Desktop\John Afolayan\Applications\cmder\bin;C:\Users\acer\Desktop\John Afolayan\Applications\cmder\vendor\conemu-maximus5\ConEmu\Scripts;C:\Users\acer\Desktop\John Afolayan\Applications\cmder\vendor\conemu-maximus5;C:\Users\acer\Desktop\John Afolayan\Applications\cmder\vendor\conemu-maximus5\ConEmu;C:\WINDOWS\system32;C:\WINDOWS;C:\WINDOWS\System32\Wbem;C:\WINDOWS\System32\WindowsPowerShell\v1.0\;C:\Android\platform-tools\;C:\Program Files\Git\cmd;C:\Program Files\Brackets\command;C:\Program Files\nodejs\;C:\wamp\bin\php\php5.5.12;C:\ProgramData\ComposerSetup\bin;C:\MinGW\bin;C:\Program Files\Microsoft VS Code\bin;C:\Users\acer\AppData\Local\Programs\Python\Python36-32\Scripts\;C:\Users\acer\AppData\Local\Programs\Python\Python36-32\;C:\SocketeQ\windowsandroid_root\system\bin;C:\SocketeQ\windowsandroid_root\system\lib;C:\Program Files\Microsoft VS Code\bin;C:\Users\acer\AppData\Roaming\npm;C:\Users\acer\AppData\Roaming\Composer\vendor\bin;C:\Program Files\heroku\bin;C:\Program Files\Git\mingw32;C:\Program Files\Git\usr\bin;C:\Users\acer\Desktop\John Afolayan\Applications\cmder

Yarn version: 
  1.7.0

Node version: 
  10.1.0

Platform: 
  win32 ia32

Trace: 
  Error: canceled
      at Interface.<anonymous> (C:\Users\acer\AppData\Roaming\npm\node_modules\yarn\lib\cli.js:131036:13)
      at Interface.emit (events.js:182:13)
      at Interface._ttyWrite (readline.js:778:16)
      at ReadStream.onkeypress (readline.js:163:10)
      at ReadStream.emit (events.js:182:13)
      at emitKeys (internal/readline.js:422:14)
      at emitKeys.next (<anonymous>)
      at ReadStream.onData (readline.js:1014:36)
      at ReadStream.emit (events.js:182:13)
      at addChunk (_stream_readable.js:277:12)

npm manifest: 
  No manifest

yarn manifest: 
  No manifest

Lockfile: 
  No lockfile
